sample.interval=20000
"matrix" "append" "setup_rjMCMC" ".f" "purrr::map" "eval" "eval" "withVisible" "source" 
"matrix" "append" "setup_rjMCMC" ".f" "purrr::map" "eval" "eval" "withVisible" "source" 
"matrix" "append" "setup_rjMCMC" ".f" "purrr::map" "eval" "eval" "withVisible" "source" 
"matrix" "append" "setup_rjMCMC" ".f" "purrr::map" "eval" "eval" "withVisible" "source" 
"matrix" "append" "setup_rjMCMC" ".f" "purrr::map" "eval" "eval" "withVisible" "source" 
"matrix" "append" "setup_rjMCMC" ".f" "purrr::map" "eval" "eval" "withVisible" "source" 
"matrix" "append" "setup_rjMCMC" ".f" "purrr::map" "eval" "eval" "withVisible" "source" 
"matrix" "append" "setup_rjMCMC" ".f" "purrr::map" "eval" "eval" "withVisible" "source" 
"c" "append" "FUN" "lapply" "FUN" "lapply" "findLocalsList1" "findLocalsList" "funEnv" "make.functionContext" "cmpfun" "doTryCatch" "tryCatchOne" "tryCatchList" "tryCatch" "compiler:::tryCmpfun" "setup_rjMCMC" ".f" "purrr::map" "eval" "eval" "withVisible" "source" 
"%in%" "getFoldFun" "constantFoldCall" "constantFold" "cmp" "h" "tryInline" "cmpCall" "cmp" "h" "tryInline" "cmpCall" "cmp" "genCode" "cmpfun" "doTryCatch" "tryCatchOne" "tryCatchList" "tryCatch" "compiler:::tryCmpfun" "setup_rjMCMC" ".f" "purrr::map" "eval" "eval" "withVisible" "source" 
"lazyLoadDBfetch" "h" "tryGetterInline" "cmpGetterCall" "cmpComplexAssign" "h" "tryInline" "cmpCall" "cmp" "h" "tryInline" "cmpCall" "cmp" "h" "tryInline" "cmpCall" "cmp" "h" "tryInline" "cmpCall" "cmp" "cmpForBody" "h" "tryInline" "cmpCall" "cmp" "h" "tryInline" "cmpCall" "cmp" "h" "tryInline" "cmpCall" "cmp" "h" "tryInline" "cmpCall" "cmp" "genCode" "cmpfun" "doTryCatch" "tryCatchOne" "tryCatchList" "tryCatch" "compiler:::tryCmpfun" "setup_rjMCMC" ".f" "purrr::map" "eval" "eval" "withVisible" "source" 
"grep" "is.ddsym" "cmpSym" "cmp" "cmpIndices" "cmpSubsetDispatch" "h" "tryInline" "cmpCall" "cmp" "h" "tryInline" "cmpCall" "cmp" "cmpPrim2" "h" "tryInline" "cmpCall" "cmp" "h" "tryInline" "cmpCall" "cmp" "h" "tryInline" "cmpCall" "cmp" "cmpForBody" "h" "tryInline" "cmpCall" "cmp" "h" "tryInline" "cmpCall" "cmp" "h" "tryInline" "cmpCall" "cmp" "h" "tryInline" "cmpCall" "cmp" "h" "tryInline" "cmpCall" "cmp" "h" "tryInline" "cmpCall" "cmp" "genCode" "cmpfun" "doTryCatch" "tryCatchOne" "tryCatchList" "tryCatch" "compiler:::tryCmpfun" "setup_rjMCMC" ".f" "purrr::map" "eval" "eval" "withVisible" "source" 
"%in%" "getCompilerOption" "structure" "make.toplevelContext" "make.functionContext" "h" "tryInline" "cmpCall" "cmp" "genCode" "cb$putconst" "cmpCallArgs" "cmpCallSymFun" "cmpCall" "cmp" "cmpSubsetDispatch" "h" "tryInline" "cmpCall" "cmp" "cmpComplexAssign" "h" "tryInline" "cmpCall" "cmp" "h" "tryInline" "cmpCall" "cmp" "h" "tryInline" "cmpCall" "cmp" "h" "tryInline" "cmpCall" "cmp" "h" "tryInline" "cmpCall" "cmp" "h" "tryInline" "cmpCall" "cmp" "genCode" "cmpfun" "doTryCatch" "tryCatchOne" "tryCatchList" "tryCatch" "compiler:::tryCmpfun" "setup_rjMCMC" ".f" "purrr::map" "eval" "eval" "withVisible" "source" 
"findCenvVar" "getInlineInfo" "tryInline" "cmpCall" "cmp" "h" "tryInline" "cmpCall" "cmp" "h" "tryInline" "cmpCall" "cmp" "h" "tryInline" "cmpCall" "cmp" "h" "tryInline" "cmpCall" "cmp" "h" "tryInline" "cmpCall" "cmp" "genCode" "cmpfun" "doTryCatch" "tryCatchOne" "tryCatchList" "tryCatch" "compiler:::tryCmpfun" "setup_rjMCMC" ".f" "purrr::map" "eval" "eval" "withVisible" "source" 
"getExprSrcref" "cb$setcurexpr" "cmpCall" "cmp" "h" "tryInline" "cmpCall" "cmp" "h" "tryInline" "cmpCall" "cmp" "h" "tryInline" "cmpCall" "cmp" "h" "tryInline" "cmpCall" "cmp" "cmpForBody" "h" "tryInline" "cmpCall" "cmp" "h" "tryInline" "cmpCall" "cmp" "h" "tryInline" "cmpCall" "cmp" "h" "tryInline" "cmpCall" "cmp" "h" "tryInline" "cmpCall" "cmp" "h" "tryInline" "cmpCall" "cmp" "h" "tryInline" "cmpCall" "cmp" "h" "tryInline" "cmpCall" "cmp" "genCode" "cmpfun" "doTryCatch" "tryCatchOne" "tryCatchList" "tryCatch" "compiler:::tryCmpfun" "setup_rjMCMC" ".f" "purrr::map" "eval" "eval" "withVisible" "source" 
"c" "cb$putcode" "h" "trySetterInline" "cmpSetterCall" "cmpComplexAssign" "h" "tryInline" "cmpCall" "cmp" "h" "tryInline" "cmpCall" "cmp" "genCode" "cmpfun" "doTryCatch" "tryCatchOne" "tryCatchList" "tryCatch" "compiler:::tryCmpfun" "setup_rjMCMC" ".f" "purrr::map" "eval" "eval" "withVisible" "source" 
"%in%" "findLocals1" "lapply" "FUN" "lapply" "findLocalsList1" "findLocalsList" "findLocals" "as.vector" "unique" "union" "addCenvVars" "compile" "doTryCatch" "tryCatchOne" "tryCatchList" "tryCatch" "compiler:::tryCompile" "eval" "eval" "withVisible" "source" 
"mayCallBrowser" "mayCallBrowserList" "mayCallBrowser" "mayCallBrowserList" "mayCallBrowser" "mayCallBrowserList" "mayCallBrowser" "mayCallBrowserList" "mayCallBrowser" "mayCallBrowserList" "mayCallBrowser" "mayCallBrowserList" "mayCallBrowser" "mayCallBrowserList" "mayCallBrowser" "compile" "doTryCatch" "tryCatchOne" "tryCatchList" "tryCatch" "compiler:::tryCompile" "eval" "eval" "withVisible" "source" 
"grep" "is.ddsym" "cmpSym" "cmp" "h" "tryInline" "cmpCall" "cmp" "h" "tryInline" "cmpCall" "cmp" "cmpPrim2" "h" "tryInline" "cmpCall" "cmp" "h" "tryInline" "cmpCall" "cmp" "h" "tryInline" "cmpCall" "cmp" "cmpForBody" "h" "tryInline" "cmpCall" "cmp" "genCode" "compile" "doTryCatch" "tryCatchOne" "tryCatchList" "tryCatch" "compiler:::tryCompile" "eval" "eval" "withVisible" "source" 
"cb$putlabel" "h" "tryInline" "cmpCall" "cmp" "h" "tryInline" "cmpCall" "cmp" "h" "tryInline" "cmpCall" "cmp" "h" "tryInline" "cmpCall" "cmp" "h" "tryInline" "cmpCall" "cmp" "h" "tryInline" "cmpCall" "cmp" "cmpForBody" "h" "tryInline" "cmpCall" "cmp" "genCode" "compile" "doTryCatch" "tryCatchOne" "tryCatchList" "tryCatch" "compiler:::tryCompile" "eval" "eval" "withVisible" "source" 
"match.call" "doTryCatch" "tryCatchOne" "tryCatchList" "tryCatch" "checkCall" "cmpCall" "cmp" "cmpSymbolAssign" "h" "tryInline" "cmpCall" "cmp" "h" "tryInline" "cmpCall" "cmp" "h" "tryInline" "cmpCall" "cmp" "h" "tryInline" "cmpCall" "cmp" "h" "tryInline" "cmpCall" "cmp" "h" "tryInline" "cmpCall" "cmp" "h" "tryInline" "cmpCall" "cmp" "h" "tryInline" "cmpCall" "cmp" "cmpForBody" "h" "tryInline" "cmpCall" "cmp" "genCode" "compile" "doTryCatch" "tryCatchOne" "tryCatchList" "tryCatch" "compiler:::tryCompile" "eval" "eval" "withVisible" "source" 
"getInlineInfo" "isBaseVar" "getFoldFun" "constantFoldCall" "constantFold" "constantFoldCall" "constantFold" "cmp" "cmpSymbolAssign" "h" "tryInline" "cmpCall" "cmp" "h" "tryInline" "cmpCall" "cmp" "h" "tryInline" "cmpCall" "cmp" "h" "tryInline" "cmpCall" "cmp" "cmpForBody" "h" "tryInline" "cmpCall" "cmp" "genCode" "compile" "doTryCatch" "tryCatchOne" "tryCatchList" "tryCatch" "compiler:::tryCompile" "eval" "eval" "withVisible" "source" 
"cb$putconst" "h" "tryGetterInline" "cmpGetterCall" "cmpComplexAssign" "h" "tryInline" "cmpCall" "cmp" "h" "tryInline" "cmpCall" "cmp" "h" "tryInline" "cmpCall" "cmp" "h" "tryInline" "cmpCall" "cmp" "h" "tryInline" "cmpCall" "cmp" "h" "tryInline" "cmpCall" "cmp" "cmpForBody" "h" "tryInline" "cmpCall" "cmp" "genCode" "compile" "doTryCatch" "tryCatchOne" "tryCatchList" "tryCatch" "compiler:::tryCompile" "eval" "eval" "withVisible" "source" 
"%in%" "getFoldFun" "constantFoldCall" "constantFold" "cmp" "cmpPrim2" "h" "tryInline" "cmpCall" "cmp" "h" "tryInline" "cmpCall" "cmp" "h" "tryInline" "cmpCall" "cmp" "cmpForBody" "h" "tryInline" "cmpCall" "cmp" "genCode" "compile" "doTryCatch" "tryCatchOne" "tryCatchList" "tryCatch" "compiler:::tryCompile" "eval" "eval" "withVisible" "source" 
"putconst" "cb$putcode" "cmpComplexAssign" "h" "tryInline" "cmpCall" "cmp" "h" "tryInline" "cmpCall" "cmp" "h" "tryInline" "cmpCall" "cmp" "h" "tryInline" "cmpCall" "cmp" "h" "tryInline" "cmpCall" "cmp" "h" "tryInline" "cmpCall" "cmp" "h" "tryInline" "cmpCall" "cmp" "h" "tryInline" "cmpCall" "cmp" "h" "tryInline" "cmpCall" "cmp" "h" "tryInline" "cmpCall" "cmp" "cmpForBody" "h" "tryInline" "cmpCall" "cmp" "genCode" "compile" "doTryCatch" "tryCatchOne" "tryCatchList" "tryCatch" "compiler:::tryCompile" "eval" "eval" "withVisible" "source" 
"putconst" "cb$putcode" "cmpTag" "cmpCallArgs" "cmpCallSymFun" "cmpCall" "cmp" "cmpSymbolAssign" "h" "tryInline" "cmpCall" "cmp" "h" "tryInline" "cmpCall" "cmp" "h" "tryInline" "cmpCall" "cmp" "h" "tryInline" "cmpCall" "cmp" "cmpForBody" "h" "tryInline" "cmpCall" "cmp" "genCode" "compile" "doTryCatch" "tryCatchOne" "tryCatchList" "tryCatch" "compiler:::tryCompile" "eval" "eval" "withVisible" "source" 
"make.argContext" "h" "tryInline" "cmpCall" "cmp" "cmpPrim2" "h" "tryInline" "cmpCall" "cmp" "h" "tryInline" "cmpCall" "cmp" "h" "tryInline" "cmpCall" "cmp" "h" "tryInline" "cmpCall" "cmp" "h" "tryInline" "cmpCall" "cmp" "cmpForBody" "h" "tryInline" "cmpCall" "cmp" "genCode" "compile" "doTryCatch" "tryCatchOne" "tryCatchList" "tryCatch" "compiler:::tryCompile" "eval" "eval" "withVisible" "source" 
"new.env" "findCenvVar" "getInlineInfo" "tryInline" "cmpCall" "cmp" "h" "tryInline" "cmpCall" "cmp" "h" "tryInline" "cmpCall" "cmp" "h" "tryInline" "cmpCall" "cmp" "h" "tryInline" "cmpCall" "cmp" "h" "tryInline" "cmpCall" "cmp" "cmpForBody" "h" "tryInline" "cmpCall" "cmp" "genCode" "compile" "doTryCatch" "tryCatchOne" "tryCatchList" "tryCatch" "compiler:::tryCompile" "eval" "eval" "withVisible" "source" 
"putconst" "cb$putcode" "cmpSymbolAssign" "h" "tryInline" "cmpCall" "cmp" "h" "tryInline" "cmpCall" "cmp" "h" "tryInline" "cmpCall" "cmp" "h" "tryInline" "cmpCall" "cmp" "h" "tryInline" "cmpCall" "cmp" "h" "tryInline" "cmpCall" "cmp" "cmpForBody" "h" "tryInline" "cmpCall" "cmp" "genCode" "compile" "doTryCatch" "tryCatchOne" "tryCatchList" "tryCatch" "compiler:::tryCompile" "eval" "eval" "withVisible" "source" 
"exists" "findCenvVar" "getInlineInfo" "tryInline" "cmpCall" "cmp" "h" "tryInline" "cmpCall" "cmp" "h" "tryInline" "cmpCall" "cmp" "h" "tryInline" "cmpCall" "cmp" "h" "tryInline" "cmpCall" "cmp" "cmpForBody" "h" "tryInline" "cmpCall" "cmp" "genCode" "compile" "doTryCatch" "tryCatchOne" "tryCatchList" "tryCatch" "compiler:::tryCompile" "eval" "eval" "withVisible" "source" 
"putconst" "cb$putcode" "cmpCallArgs" "cmpCallSymFun" "cmpCall" "cmp" "cmpPrim2" "h" "tryInline" "cmpCall" "cmp" "cmpSymbolAssign" "h" "tryInline" "cmpCall" "cmp" "h" "tryInline" "cmpCall" "cmp" "h" "tryInline" "cmpCall" "cmp" "h" "tryInline" "cmpCall" "cmp" "cmpForBody" "h" "tryInline" "cmpCall" "cmp" "genCode" "compile" "doTryCatch" "tryCatchOne" "tryCatchList" "tryCatch" "compiler:::tryCompile" "eval" "eval" "withVisible" "source" 
"cb$putconst" "cmpTag" "cmpCallArgs" "cmpCallSymFun" "cmpCall" "cmp" "cmpSymbolAssign" "h" "tryInline" "cmpCall" "cmp" "h" "tryInline" "cmpCall" "cmp" "h" "tryInline" "cmpCall" "cmp" "h" "tryInline" "cmpCall" "cmp" "cmpForBody" "h" "tryInline" "cmpCall" "cmp" "genCode" "compile" "doTryCatch" "tryCatchOne" "tryCatchList" "tryCatch" "compiler:::tryCompile" "eval" "eval" "withVisible" "source" 
"make.argContext" "cmpBuiltinArgs" "cmpDispatch" "h" "tryInline" "cmpCall" "cmp" "cmpPrim2" "h" "tryInline" "cmpCall" "cmp" "h" "tryInline" "cmpCall" "cmp" "cmpPrim2" "h" "tryInline" "cmpCall" "cmp" "cmpComplexAssign" "h" "tryInline" "cmpCall" "cmp" "h" "tryInline" "cmpCall" "cmp" "h" "tryInline" "cmpCall" "cmp" "h" "tryInline" "cmpCall" "cmp" "cmpForBody" "h" "tryInline" "cmpCall" "cmp" "genCode" "compile" "doTryCatch" "tryCatchOne" "tryCatchList" "tryCatch" "compiler:::tryCompile" "eval" "eval" "withVisible" "source" 
"%in%" "findCenvVar" "getInlineInfo" "tryInline" "cmpCall" "cmp" "cmpBuiltinArgs" "h" "tryInline" "cmpCall" "cmp" "cmpPrim2" "h" "tryInline" "cmpCall" "cmp" "h" "tryInline" "cmpCall" "cmp" "h" "tryInline" "cmpCall" "cmp" "h" "tryInline" "cmpCall" "cmp" "h" "tryInline" "cmpCall" "cmp" "genCode" "cmpfun" "doTryCatch" "tryCatchOne" "tryCatchList" "tryCatch" "compiler:::tryCmpfun" "likelihood" "eval" "eval" "withVisible" "source" 
"make.argContext" "h" "tryInline" "cmpCall" "cmp" "h" "tryInline" "cmpCall" "cmp" "h" "tryInline" "cmpCall" "cmp" "cmpIndices" "cmpSubsetDispatch" "h" "tryInline" "cmpCall" "cmp" "h" "tryInline" "cmpCall" "cmp" "genCode" "cb$putconst" "cmpCallArgs" "cmpCallSymFun" "cmpCall" "cmp" "cmpSymbolAssign" "h" "tryInline" "cmpCall" "cmp" "h" "tryInline" "cmpCall" "cmp" "h" "tryInline" "cmpCall" "cmp" "h" "tryInline" "cmpCall" "cmp" "h" "tryInline" "cmpCall" "cmp" "h" "tryInline" "cmpCall" "cmp" "genCode" "cmpfun" "doTryCatch" "tryCatchOne" "tryCatchList" "tryCatch" "compiler:::tryCmpfun" "likelihood" "eval" "eval" "withVisible" "source" 
"exists" "findCenvVar" "getInlineInfo" "isBaseVar" "getFoldFun" "constantFoldCall" "constantFold" "cmp" "h" "tryInline" "cmpCall" "cmp" "genCode" "cb$putconst" "cmpCallArgs" "cmpCallSymFun" "cmpCall" "cmp" "cmpSymbolAssign" "h" "tryInline" "cmpCall" "cmp" "h" "tryInline" "cmpCall" "cmp" "h" "tryInline" "cmpCall" "cmp" "h" "tryInline" "cmpCall" "cmp" "h" "tryInline" "cmpCall" "cmp" "h" "tryInline" "cmpCall" "cmp" "genCode" "cmpfun" "doTryCatch" "tryCatchOne" "tryCatchList" "tryCatch" "compiler:::tryCmpfun" "likelihood" "eval" "eval" "withVisible" "source" 
"%in%" "getInlineInfo" "tryInline" "cmpCall" "cmp" "cmpIndices" "cmpSubsetDispatch" "h" "tryInline" "cmpCall" "cmp" "cmpSymbolAssign" "h" "tryInline" "cmpCall" "cmp" "h" "tryInline" "cmpCall" "cmp" "h" "tryInline" "cmpCall" "cmp" "h" "tryInline" "cmpCall" "cmp" "h" "tryInline" "cmpCall" "cmp" "genCode" "cmpfun" "doTryCatch" "tryCatchOne" "tryCatchList" "tryCatch" "compiler:::tryCmpfun" "proposal_mh" "eval" "eval" "withVisible" "source" 
"h" "trySetterInline" "cmpSetterCall" "cmpComplexAssign" "h" "tryInline" "cmpCall" "cmp" "h" "tryInline" "cmpCall" "cmp" "h" "tryInline" "cmpCall" "cmp" "h" "tryInline" "cmpCall" "cmp" "h" "tryInline" "cmpCall" "cmp" "h" "tryInline" "cmpCall" "cmp" "h" "tryInline" "cmpCall" "cmp" "genCode" "cmpfun" "doTryCatch" "tryCatchOne" "tryCatchList" "tryCatch" "compiler:::tryCmpfun" "proposal_mh" "eval" "eval" "withVisible" "source" 
"frameTypes" "structure" "makeCenv" "structure" "make.toplevelContext" "cmpfun" "doTryCatch" "tryCatchOne" "tryCatchList" "tryCatch" "compiler:::tryCmpfun" "outOfbounds" "eval" "eval" "withVisible" "source" 
"eval" "eval" "withVisible" "source" 
"eval" "eval" "withVisible" "source" 
"eval" "eval" "withVisible" "source" 
"eval" "eval" "withVisible" "source" 
"eval" "eval" "withVisible" "source" 
"eval" "eval" "withVisible" "source" 
"eval" "eval" "withVisible" "source" 
"cat" "defaultHandler" "doWithOneRestart" "withOneRestart" "withRestarts" "pb_progress_message" "private$progress_message" "pb_cursor_to_start" "private$cursor_to_start" "pb_render" "private$render" "pb_tick" "pb$tick" "eval" "eval" "withVisible" "source" 
"Sys.info" "eval" "eval" "withVisible" "source" 
"eval" "eval" "withVisible" "source" 
"proposal_mh" "eval" "eval" "withVisible" "source" 
"eval" "eval" "withVisible" "source" 
"eval" "eval" "withVisible" "source" 
"eval" "eval" "withVisible" "source" 
"eval" "eval" "withVisible" "source" 
"eval" "eval" "withVisible" "source" 
"eval" "eval" "withVisible" "source" 
"eval" "eval" "withVisible" "source" 
"proposal_mh" "eval" "eval" "withVisible" "source" 
"eval" "eval" "withVisible" "source" 
"Sys.info" "eval" "eval" "withVisible" "source" 
"eval" "eval" "withVisible" "source" 
"eval" "eval" "withVisible" "source" 
"eval" "eval" "withVisible" "source" 
"eval" "eval" "withVisible" "source" 
"eval" "eval" "withVisible" "source" 
"eval" "eval" "withVisible" "source" 
"Sys.info" "eval" "eval" "withVisible" "source" 
"proposal_mh" "eval" "eval" "withVisible" "source" 
"eval" "eval" "withVisible" "source" 
"eval" "eval" "withVisible" "source" 
"eval" "eval" "withVisible" "source" 
"eval" "eval" "withVisible" "source" 
"eval" "eval" "withVisible" "source" 
"eval" "eval" "withVisible" "source" 
"eval" "eval" "withVisible" "source" 
"eval" "eval" "withVisible" "source" 
"eval" "eval" "withVisible" "source" 
"eval" "eval" "withVisible" "source" 
"eval" "eval" "withVisible" "source" 
"eval" "eval" "withVisible" "source" 
"eval" "eval" "withVisible" "source" 
"eval" "eval" "withVisible" "source" 
"eval" "eval" "withVisible" "source" 
"eval" "eval" "withVisible" "source" 
"propdens_mh" "eval" "eval" "withVisible" "source" 
"likelihood" "eval" "eval" "withVisible" "source" 
"dtnorm" "cbind" "unname" "propdens_mh" "eval" "eval" "withVisible" "source" 
"eval" "eval" "withVisible" "source" 
"eval" "eval" "withVisible" "source" 
"eval" "eval" "withVisible" "source" 
"eval" "eval" "withVisible" "source" 
"eval" "eval" "withVisible" "source" 
"eval" "eval" "withVisible" "source" 
"eval" "eval" "withVisible" "source" 
"Sys.info" "eval" "eval" "withVisible" "source" 
"eval" "eval" "withVisible" "source" 
"eval" "eval" "withVisible" "source" 
"eval" "eval" "withVisible" "source" 
"eval" "eval" "withVisible" "source" 
"eval" "eval" "withVisible" "source" 
"eval" "eval" "withVisible" "source" 
"names" "names" "[.data.frame" "[" "proposal_mh" "eval" "eval" "withVisible" "source" 
"proposal_mh" "eval" "eval" "withVisible" "source" 
"-" "dtnorm" "likelihood" "eval" "eval" "withVisible" "source" 
"Sys.info" "eval" "eval" "withVisible" "source" 
"eval" "eval" "withVisible" "source" 
"eval" "eval" "withVisible" "source" 
"eval" "eval" "withVisible" "source" 
"eval" "eval" "withVisible" "source" 
"eval" "eval" "withVisible" "source" 
"eval" "eval" "withVisible" "source" 
"Sys.info" "eval" "eval" "withVisible" "source" 
"eval" "eval" "withVisible" "source" 
"eval" "eval" "withVisible" "source" 
"eval" "eval" "withVisible" "source" 
"eval" "eval" "withVisible" "source" 
"eval" "eval" "withVisible" "source" 
"eval" "eval" "withVisible" "source" 
"eval" "eval" "withVisible" "source" 
"Sys.info" "eval" "eval" "withVisible" "source" 
"pnorm" "dtnorm" "likelihood" "eval" "eval" "withVisible" "source" 
"likelihood" "eval" "eval" "withVisible" "source" 
"eval" "eval" "withVisible" "source" 
"proposal_mh" "eval" "eval" "withVisible" "source" 
"proposal_mh" "eval" "eval" "withVisible" "source" 
"eval" "eval" "withVisible" "source" 
"eval" "eval" "withVisible" "source" 
"eval" "eval" "withVisible" "source" 
"eval" "eval" "withVisible" "source" 
"eval" "eval" "withVisible" "source" 
"eval" "eval" "withVisible" "source" 
"eval" "eval" "withVisible" "source" 
"dnorm" "dtnorm" "likelihood" "eval" "eval" "withVisible" "source" 
"eval" "eval" "withVisible" "source" 
"eval" "eval" "withVisible" "source" 
"eval" "eval" "withVisible" "source" 
"eval" "eval" "withVisible" "source" 
"eval" "eval" "withVisible" "source" 
"eval" "eval" "withVisible" "source" 
"eval" "eval" "withVisible" "source" 
"Sys.info" "eval" "eval" "withVisible" "source" 
"eval" "eval" "withVisible" "source" 
"eval" "eval" "withVisible" "source" 
"eval" "eval" "withVisible" "source" 
"eval" "eval" "withVisible" "source" 
"eval" "eval" "withVisible" "source" 
"eval" "eval" "withVisible" "source" 
"eval" "eval" "withVisible" "source" 
"stopifnot" "assert_scalar" "pb_tick" "pb$tick" "eval" "eval" "withVisible" "source" 
"eval" "eval" "withVisible" "source" 
"pnorm" "dtnorm" "likelihood" "eval" "eval" "withVisible" "source" 
"eval" "eval" "withVisible" "source" 
"runif" "eval" "eval" "withVisible" "source" 
"eval" "eval" "withVisible" "source" 
"eval" "eval" "withVisible" "source" 
"eval" "eval" "withVisible" "source" 
"eval" "eval" "withVisible" "source" 
"eval" "eval" "withVisible" "source" 
"eval" "eval" "withVisible" "source" 
"eval" "eval" "withVisible" "source" 
"eval" "eval" "withVisible" "source" 
"is.infinite" "dtnorm" "likelihood" "eval" "eval" "withVisible" "source" 
"proposal_mh" "eval" "eval" "withVisible" "source" 
"Sys.info" "eval" "eval" "withVisible" "source" 
".f" "purrr::map_dbl" "likelihood" "eval" "eval" "withVisible" "source" 
"eval" "eval" "withVisible" "source" 
"eval" "eval" "withVisible" "source" 
"eval" "eval" "withVisible" "source" 
"eval" "eval" "withVisible" "source" 
"eval" "eval" "withVisible" "source" 
"eval" "eval" "withVisible" "source" 
"Sys.info" "eval" "eval" "withVisible" "source" 
"pnorm" "dtnorm" "likelihood" "eval" "eval" "withVisible" "source" 
"proposal_mh" "eval" "eval" "withVisible" "source" 
"eval" "eval" "withVisible" "source" 
"eval" "eval" "withVisible" "source" 
"eval" "eval" "withVisible" "source" 
"eval" "eval" "withVisible" "source" 
"eval" "eval" "withVisible" "source" 
"eval" "eval" "withVisible" "source" 
"eval" "eval" "withVisible" "source" 
"eval" "eval" "withVisible" "source" 
"eval" "eval" "withVisible" "source" 
"eval" "eval" "withVisible" "source" 
"eval" "eval" "withVisible" "source" 
"eval" "eval" "withVisible" "source" 
"eval" "eval" "withVisible" "source" 
"eval" "eval" "withVisible" "source" 
"eval" "eval" "withVisible" "source" 
"eval" "eval" "withVisible" "source" 
"eval" "eval" "withVisible" "source" 
"likelihood" "eval" "eval" "withVisible" "source" 
"eval" "eval" "withVisible" "source" 
"eval" "eval" "withVisible" "source" 
"proposal_mh" "eval" "eval" "withVisible" "source" 
"eval" "eval" "withVisible" "source" 
"eval" "eval" "withVisible" "source" 
"eval" "eval" "withVisible" "source" 
"eval" "eval" "withVisible" "source" 
"eval" "eval" "withVisible" "source" 
"eval" "eval" "withVisible" "source" 
"eval" "eval" "withVisible" "source" 
"eval" "eval" "withVisible" "source" 
"eval" "eval" "withVisible" "source" 
"eval" "eval" "withVisible" "source" 
"eval" "eval" "withVisible" "source" 
"eval" "eval" "withVisible" "source" 
"eval" "eval" "withVisible" "source" 
"eval" "eval" "withVisible" "source" 
"eval" "eval" "withVisible" "source" 
"eval" "eval" "withVisible" "source" 
"eval" "eval" "withVisible" "source" 
"eval" "eval" "withVisible" "source" 
"eval" "eval" "withVisible" "source" 
"eval" "eval" "withVisible" "source" 
"eval" "eval" "withVisible" "source" 
"eval" "eval" "withVisible" "source" 
"eval" "eval" "withVisible" "source" 
"eval" "eval" "withVisible" "source" 
"eval" "eval" "withVisible" "source" 
"eval" "eval" "withVisible" "source" 
"eval" "eval" "withVisible" "source" 
"eval" "eval" "withVisible" "source" 
"eval" "eval" "withVisible" "source" 
"eval" "eval" "withVisible" "source" 
"eval" "eval" "withVisible" "source" 
"eval" "eval" "withVisible" "source" 
"eval" "eval" "withVisible" "source" 
"eval" "eval" "withVisible" "source" 
"eval" "eval" "withVisible" "source" 
"cbind" "proposal_mh" "eval" "eval" "withVisible" "source" 
"eval" "eval" "withVisible" "source" 
"eval" "eval" "withVisible" "source" 
"eval" "eval" "withVisible" "source" 
"eval" "eval" "withVisible" "source" 
"eval" "eval" "withVisible" "source" 
"eval" "eval" "withVisible" "source" 
"eval" "eval" "withVisible" "source" 
"eval" "eval" "withVisible" "source" 
"Sys.info" "eval" "eval" "withVisible" "source" 
"eval" "eval" "withVisible" "source" 
"eval" "eval" "withVisible" "source" 
"Sys.info" "eval" "eval" "withVisible" "source" 
"eval" "eval" "withVisible" "source" 
"eval" "eval" "withVisible" "source" 
"eval" "eval" "withVisible" "source" 
"eval" "eval" "withVisible" "source" 
"eval" "eval" "withVisible" "source" 
"eval" "eval" "withVisible" "source" 
"eval" "eval" "withVisible" "source" 
"eval" "eval" "withVisible" "source" 
"eval" "eval" "withVisible" "source" 
"eval" "eval" "withVisible" "source" 
"Sys.info" "eval" "eval" "withVisible" "source" 
"eval" "eval" "withVisible" "source" 
"eval" "eval" "withVisible" "source" 
"eval" "eval" "withVisible" "source" 
"eval" "eval" "withVisible" "source" 
"eval" "eval" "withVisible" "source" 
"eval" "eval" "withVisible" "source" 
"eval" "eval" "withVisible" "source" 
"Sys.info" "eval" "eval" "withVisible" "source" 
"eval" "eval" "withVisible" "source" 
"dtnorm" "likelihood" "eval" "eval" "withVisible" "source" 
"eval" "eval" "withVisible" "source" 
"eval" "eval" "withVisible" "source" 
"eval" "eval" "withVisible" "source" 
"eval" "eval" "withVisible" "source" 
"eval" "eval" "withVisible" "source" 
"eval" "eval" "withVisible" "source" 
"Sys.info" "eval" "eval" "withVisible" "source" 
"%in%" "likelihood" "eval" "eval" "withVisible" "source" 
"eval" "eval" "withVisible" "source" 
"dtnorm" "likelihood" "eval" "eval" "withVisible" "source" 
"eval" "eval" "withVisible" "source" 
"eval" "eval" "withVisible" "source" 
"eval" "eval" "withVisible" "source" 
"eval" "eval" "withVisible" "source" 
"eval" "eval" "withVisible" "source" 
"eval" "eval" "withVisible" "source" 
"eval" "eval" "withVisible" "source" 
"eval" "eval" "withVisible" "source" 
"eval" "eval" "withVisible" "source" 
"dbinom" "d_binom" "eval" "eval" "withVisible" "source" 
"eval" "eval" "withVisible" "source" 
"eval" "eval" "withVisible" "source" 
"eval" "eval" "withVisible" "source" 
"eval" "eval" "withVisible" "source" 
"eval" "eval" "withVisible" "source" 
"eval" "eval" "withVisible" "source" 
"dnorm" "likelihood" "eval" "eval" "withVisible" "source" 
"dtnorm" "likelihood" "eval" "eval" "withVisible" "source" 
"eval" "eval" "withVisible" "source" 
"eval" "eval" "withVisible" "source" 
"eval" "eval" "withVisible" "source" 
"eval" "eval" "withVisible" "source" 
"eval" "eval" "withVisible" "source" 
"eval" "eval" "withVisible" "source" 
"eval" "eval" "withVisible" "source" 
"eval" "eval" "withVisible" "source" 
"eval" "eval" "withVisible" "source" 
"eval" "eval" "withVisible" "source" 
"eval" "eval" "withVisible" "source" 
"eval" "eval" "withVisible" "source" 
"eval" "eval" "withVisible" "source" 
"eval" "eval" "withVisible" "source" 
"eval" "eval" "withVisible" "source" 
"eval" "eval" "withVisible" "source" 
"eval" "eval" "withVisible" "source" 
"eval" "eval" "withVisible" "source" 
"eval" "eval" "withVisible" "source" 
"eval" "eval" "withVisible" "source" 
"eval" "eval" "withVisible" "source" 
"eval" "eval" "withVisible" "source" 
"eval" "eval" "withVisible" "source" 
"eval" "eval" "withVisible" "source" 
"eval" "eval" "withVisible" "source" 
"dnorm" "dtnorm" "likelihood" "eval" "eval" "withVisible" "source" 
"eval" "eval" "withVisible" "source" 
"eval" "eval" "withVisible" "source" 
"eval" "eval" "withVisible" "source" 
"eval" "eval" "withVisible" "source" 
"eval" "eval" "withVisible" "source" 
"eval" "eval" "withVisible" "source" 
"eval" "eval" "withVisible" "source" 
"eval" "eval" "withVisible" "source" 
"eval" "eval" "withVisible" "source" 
"pnorm" "dtnorm" "likelihood" "eval" "eval" "withVisible" "source" 
"eval" "eval" "withVisible" "source" 
"eval" "eval" "withVisible" "source" 
"eval" "eval" "withVisible" "source" 
"eval" "eval" "withVisible" "source" 
"eval" "eval" "withVisible" "source" 
"eval" "eval" "withVisible" "source" 
"Sys.info" "eval" "eval" "withVisible" "source" 
"Sys.info" "eval" "eval" "withVisible" "source" 
"eval" "eval" "withVisible" "source" 
"eval" "eval" "withVisible" "source" 
"eval" "eval" "withVisible" "source" 
"eval" "eval" "withVisible" "source" 
"eval" "eval" "withVisible" "source" 
"eval" "eval" "withVisible" "source" 
"eval" "eval" "withVisible" "source" 
"dtnorm" "likelihood" "eval" "eval" "withVisible" "source" 
"Sys.info" "eval" "eval" "withVisible" "source" 
"$" "%in%" "proposal_mh" "eval" "eval" "withVisible" "source" 
"eval" "eval" "withVisible" "source" 
"eval" "eval" "withVisible" "source" 
"eval" "eval" "withVisible" "source" 
"eval" "eval" "withVisible" "source" 
"eval" "eval" "withVisible" "source" 
"eval" "eval" "withVisible" "source" 
"Sys.info" "eval" "eval" "withVisible" "source" 
"dtnorm" "likelihood" "eval" "eval" "withVisible" "source" 
"eval" "eval" "withVisible" "source" 
"eval" "eval" "withVisible" "source" 
"eval" "eval" "withVisible" "source" 
"proposal_mh" "eval" "eval" "withVisible" "source" 
"eval" "eval" "withVisible" "source" 
"eval" "eval" "withVisible" "source" 
"eval" "eval" "withVisible" "source" 
"eval" "eval" "withVisible" "source" 
"eval" "eval" "withVisible" "source" 
"eval" "eval" "withVisible" "source" 
"cat" "defaultHandler" "doWithOneRestart" "withOneRestart" "withRestarts" "pb_progress_message" "private$progress_message" "pb_render" "private$render" "pb_tick" "pb$tick" "eval" "eval" "withVisible" "source" 
"dtnorm" "likelihood" "eval" "eval" "withVisible" "source" 
"==" ".f" "purrr::map_dbl" "likelihood" "eval" "eval" "withVisible" "source" 
"eval" "eval" "withVisible" "source" 
"eval" "eval" "withVisible" "source" 
"eval" "eval" "withVisible" "source" 
"eval" "eval" "withVisible" "source" 
"eval" "eval" "withVisible" "source" 
"eval" "eval" "withVisible" "source" 
"eval" "eval" "withVisible" "source" 
"Sys.info" "eval" "eval" "withVisible" "source" 
"eval" "eval" "withVisible" "source" 
"eval" "eval" "withVisible" "source" 
"eval" "eval" "withVisible" "source" 
"eval" "eval" "withVisible" "source" 
"eval" "eval" "withVisible" "source" 
"eval" "eval" "withVisible" "source" 
"eval" "eval" "withVisible" "source" 
"eval" "eval" "withVisible" "source" 
".f" "purrr::map_dbl" "likelihood" "eval" "eval" "withVisible" "source" 
"eval" "eval" "withVisible" "source" 
"eval" "eval" "withVisible" "source" 
"eval" "eval" "withVisible" "source" 
"eval" "eval" "withVisible" "source" 
"eval" "eval" "withVisible" "source" 
"eval" "eval" "withVisible" "source" 
"eval" "eval" "withVisible" "source" 
"Sys.info" "eval" "eval" "withVisible" "source" 
"eval" "eval" "withVisible" "source" 
"Sys.info" "eval" "eval" "withVisible" "source" 
"eval" "eval" "withVisible" "source" 
"eval" "eval" "withVisible" "source" 
"eval" "eval" "withVisible" "source" 
"eval" "eval" "withVisible" "source" 
"eval" "eval" "withVisible" "source" 
"eval" "eval" "withVisible" "source" 
"Sys.info" "eval" "eval" "withVisible" "source" 
"eval" "eval" "withVisible" "source" 
"eval" "eval" "withVisible" "source" 
"==" ".f" "purrr::map_dbl" "likelihood" "eval" "eval" "withVisible" "source" 
"unname" "likelihood" "eval" "eval" "withVisible" "source" 
"eval" "eval" "withVisible" "source" 
"dnorm" "dtnorm" "likelihood" "eval" "eval" "withVisible" "source" 
"Sys.info" "eval" "eval" "withVisible" "source" 
"eval" "eval" "withVisible" "source" 
"Sys.info" "eval" "eval" "withVisible" "source" 
"eval" "eval" "withVisible" "source" 
"eval" "eval" "withVisible" "source" 
"eval" "eval" "withVisible" "source" 
"eval" "eval" "withVisible" "source" 
"eval" "eval" "withVisible" "source" 
"eval" "eval" "withVisible" "source" 
"eval" "eval" "withVisible" "source" 
"%in%" "pnorm" "dtnorm" "likelihood" "eval" "eval" "withVisible" "source" 
"eval" "eval" "withVisible" "source" 
"eval" "eval" "withVisible" "source" 
"eval" "eval" "withVisible" "source" 
"eval" "eval" "withVisible" "source" 
"eval" "eval" "withVisible" "source" 
"eval" "eval" "withVisible" "source" 
"eval" "eval" "withVisible" "source" 
"proposal_mh" "eval" "eval" "withVisible" "source" 
"eval" "eval" "withVisible" "source" 
"eval" "eval" "withVisible" "source" 
"eval" "eval" "withVisible" "source" 
"eval" "eval" "withVisible" "source" 
"eval" "eval" "withVisible" "source" 
"eval" "eval" "withVisible" "source" 
"eval" "eval" "withVisible" "source" 
"eval" "eval" "withVisible" "source" 
"Sys.info" "eval" "eval" "withVisible" "source" 
"eval" "eval" "withVisible" "source" 
"eval" "eval" "withVisible" "source" 
"eval" "eval" "withVisible" "source" 
"eval" "eval" "withVisible" "source" 
"eval" "eval" "withVisible" "source" 
"eval" "eval" "withVisible" "source" 
"eval" "eval" "withVisible" "source" 
"Sys.info" "eval" "eval" "withVisible" "source" 
"eval" "eval" "withVisible" "source" 
"eval" "eval" "withVisible" "source" 
"eval" "eval" "withVisible" "source" 
"eval" "eval" "withVisible" "source" 
"eval" "eval" "withVisible" "source" 
"eval" "eval" "withVisible" "source" 
"eval" "eval" "withVisible" "source" 
"eval" "eval" "withVisible" "source" 
"Sys.info" "eval" "eval" "withVisible" "source" 
"Sys.info" "eval" "eval" "withVisible" "source" 
"dtnorm" "likelihood" "eval" "eval" "withVisible" "source" 
"eval" "eval" "withVisible" "source" 
"eval" "eval" "withVisible" "source" 
"eval" "eval" "withVisible" "source" 
"eval" "eval" "withVisible" "source" 
"eval" "eval" "withVisible" "source" 
"eval" "eval" "withVisible" "source" 
"eval" "eval" "withVisible" "source" 
"pnorm" "dtnorm" "likelihood" "eval" "eval" "withVisible" "source" 
".f" "purrr::map_dbl" "likelihood" "eval" "eval" "withVisible" "source" 
"eval" "eval" "withVisible" "source" 
"eval" "eval" "withVisible" "source" 
"eval" "eval" "withVisible" "source" 
"eval" "eval" "withVisible" "source" 
"eval" "eval" "withVisible" "source" 
"eval" "eval" "withVisible" "source" 
"Sys.info" "eval" "eval" "withVisible" "source" 
"dnorm" "dtnorm" "likelihood" "eval" "eval" "withVisible" "source" 
"Sys.info" "eval" "eval" "withVisible" "source" 
"Sys.info" "eval" "eval" "withVisible" "source" 
"eval" "eval" "withVisible" "source" 
"eval" "eval" "withVisible" "source" 
"eval" "eval" "withVisible" "source" 
"eval" "eval" "withVisible" "source" 
"eval" "eval" "withVisible" "source" 
"eval" "eval" "withVisible" "source" 
"eval" "eval" "withVisible" "source" 
"Sys.info" "eval" "eval" "withVisible" "source" 
"dnorm" "likelihood" "eval" "eval" "withVisible" "source" 
"eval" "eval" "withVisible" "source" 
"eval" "eval" "withVisible" "source" 
"eval" "eval" "withVisible" "source" 
"eval" "eval" "withVisible" "source" 
"eval" "eval" "withVisible" "source" 
"eval" "eval" "withVisible" "source" 
"eval" "eval" "withVisible" "source" 
"sub" "pb_render" "private$render" "pb_tick" "pb$tick" "eval" "eval" "withVisible" "source" 
"eval" "eval" "withVisible" "source" 
"eval" "eval" "withVisible" "source" 
"eval" "eval" "withVisible" "source" 
"eval" "eval" "withVisible" "source" 
"eval" "eval" "withVisible" "source" 
"eval" "eval" "withVisible" "source" 
"eval" "eval" "withVisible" "source" 
"dbinom" "d_binom" "likelihood" "eval" "eval" "withVisible" "source" 
"eval" "eval" "withVisible" "source" 
".f" "purrr::map_dbl" "likelihood" "eval" "eval" "withVisible" "source" 
"eval" "eval" "withVisible" "source" 
"eval" "eval" "withVisible" "source" 
"eval" "eval" "withVisible" "source" 
"eval" "eval" "withVisible" "source" 
"eval" "eval" "withVisible" "source" 
"eval" "eval" "withVisible" "source" 
"is.na" "structure" "rlang::as_function" "as_mapper.default" "as_mapper" "purrr::map_dbl" "likelihood" "eval" "eval" "withVisible" "source" 
"dtnorm" "cbind" "unname" "propdens_mh" "eval" "eval" "withVisible" "source" 
"likelihood" "eval" "eval" "withVisible" "source" 
"eval" "eval" "withVisible" "source" 
"eval" "eval" "withVisible" "source" 
"eval" "eval" "withVisible" "source" 
"eval" "eval" "withVisible" "source" 
"eval" "eval" "withVisible" "source" 
"eval" "eval" "withVisible" "source" 
"eval" "eval" "withVisible" "source" 
"eval" "eval" "withVisible" "source" 
"eval" "eval" "withVisible" "source" 
"eval" "eval" "withVisible" "source" 
"eval" "eval" "withVisible" "source" 
"eval" "eval" "withVisible" "source" 
"eval" "eval" "withVisible" "source" 
"eval" "eval" "withVisible" "source" 
"eval" "eval" "withVisible" "source" 
"sub" "pb_render" "private$render" "pb_tick" "pb$tick" "eval" "eval" "withVisible" "source" 
"eval" "eval" "withVisible" "source" 
"eval" "eval" "withVisible" "source" 
"pnorm" "dtnorm" "likelihood" "eval" "eval" "withVisible" "source" 
"eval" "eval" "withVisible" "source" 
"eval" "eval" "withVisible" "source" 
"eval" "eval" "withVisible" "source" 
"eval" "eval" "withVisible" "source" 
"eval" "eval" "withVisible" "source" 
"eval" "eval" "withVisible" "source" 
"Sys.info" "eval" "eval" "withVisible" "source" 
"eval" "eval" "withVisible" "source" 
"eval" "eval" "withVisible" "source" 
"dnorm" "dtnorm" "cbind" "unname" "propdens_mh" "eval" "eval" "withVisible" "source" 
"eval" "eval" "withVisible" "source" 
"eval" "eval" "withVisible" "source" 
"eval" "eval" "withVisible" "source" 
"eval" "eval" "withVisible" "source" 
"eval" "eval" "withVisible" "source" 
"eval" "eval" "withVisible" "source" 
"Sys.info" "eval" "eval" "withVisible" "source" 
"pnorm" "dtnorm" "likelihood" "eval" "eval" "withVisible" "source" 
"eval" "eval" "withVisible" "source" 
"eval" "eval" "withVisible" "source" 
"eval" "eval" "withVisible" "source" 
"eval" "eval" "withVisible" "source" 
"eval" "eval" "withVisible" "source" 
"eval" "eval" "withVisible" "source" 
"eval" "eval" "withVisible" "source" 
"eval" "eval" "withVisible" "source" 
"eval" "eval" "withVisible" "source" 
"eval" "eval" "withVisible" "source" 
"eval" "eval" "withVisible" "source" 
"$" "pnorm" "dtnorm" "likelihood" "eval" "eval" "withVisible" "source" 
"eval" "eval" "withVisible" "source" 
"Sys.info" "eval" "eval" "withVisible" "source" 
"eval" "eval" "withVisible" "source" 
"eval" "eval" "withVisible" "source" 
"eval" "eval" "withVisible" "source" 
"eval" "eval" "withVisible" "source" 
"eval" "eval" "withVisible" "source" 
"eval" "eval" "withVisible" "source" 
"eval" "eval" "withVisible" "source" 
"eval" "eval" "withVisible" "source" 
"eval" "eval" "withVisible" "source" 
"eval" "eval" "withVisible" "source" 
"eval" "eval" "withVisible" "source" 
"eval" "eval" "withVisible" "source" 
"eval" "eval" "withVisible" "source" 
"eval" "eval" "withVisible" "source" 
"eval" "eval" "withVisible" "source" 
"eval" "eval" "withVisible" "source" 
"Sys.info" "eval" "eval" "withVisible" "source" 
"paste" "pb_render" "private$render" "pb_tick" "pb$tick" "eval" "eval" "withVisible" "source" 
"eval" "eval" "withVisible" "source" 
"eval" "eval" "withVisible" "source" 
"eval" "eval" "withVisible" "source" 
"eval" "eval" "withVisible" "source" 
"eval" "eval" "withVisible" "source" 
"eval" "eval" "withVisible" "source" 
"eval" "eval" "withVisible" "source" 
"eval" "eval" "withVisible" "source" 
"likelihood" "eval" "eval" "withVisible" "source" 
"eval" "eval" "withVisible" "source" 
"eval" "eval" "withVisible" "source" 
"eval" "eval" "withVisible" "source" 
"eval" "eval" "withVisible" "source" 
"eval" "eval" "withVisible" "source" 
"eval" "eval" "withVisible" "source" 
"eval" "eval" "withVisible" "source" 
"eval" "eval" "withVisible" "source" 
"dtnorm" "cbind" "unname" "propdens_mh" "eval" "eval" "withVisible" "source" 
"Sys.info" "eval" "eval" "withVisible" "source" 
"eval" "eval" "withVisible" "source" 
"eval" "eval" "withVisible" "source" 
"eval" "eval" "withVisible" "source" 
"eval" "eval" "withVisible" "source" 
"eval" "eval" "withVisible" "source" 
"eval" "eval" "withVisible" "source" 
"eval" "eval" "withVisible" "source" 
"Sys.info" "eval" "eval" "withVisible" "source" 
"eval" "eval" "withVisible" "source" 
"eval" "eval" "withVisible" "source" 
"eval" "eval" "withVisible" "source" 
"eval" "eval" "withVisible" "source" 
"eval" "eval" "withVisible" "source" 
"eval" "eval" "withVisible" "source" 
"eval" "eval" "withVisible" "source" 
"proposal_mh" "eval" "eval" "withVisible" "source" 
"eval" "eval" "withVisible" "source" 
"Sys.info" "eval" "eval" "withVisible" "source" 
"eval" "eval" "withVisible" "source" 
"eval" "eval" "withVisible" "source" 
"eval" "eval" "withVisible" "source" 
"eval" "eval" "withVisible" "source" 
"eval" "eval" "withVisible" "source" 
"eval" "eval" "withVisible" "source" 
"eval" "eval" "withVisible" "source" 
"==" ".f" "purrr::map_dbl" "likelihood" "eval" "eval" "withVisible" "source" 
"eval" "eval" "withVisible" "source" 
"eval" "eval" "withVisible" "source" 
"eval" "eval" "withVisible" "source" 
"eval" "eval" "withVisible" "source" 
"eval" "eval" "withVisible" "source" 
"eval" "eval" "withVisible" "source" 
"eval" "eval" "withVisible" "source" 
"pnorm" "eval" "eval" "withVisible" "source" 
"eval" "eval" "withVisible" "source" 
"eval" "eval" "withVisible" "source" 
"eval" "eval" "withVisible" "source" 
"eval" "eval" "withVisible" "source" 
"eval" "eval" "withVisible" "source" 
"eval" "eval" "withVisible" "source" 
"eval" "eval" "withVisible" "source" 
"dnorm" "dtnorm" "likelihood" "eval" "eval" "withVisible" "source" 
"eval" "eval" "withVisible" "source" 
"eval" "eval" "withVisible" "source" 
"eval" "eval" "withVisible" "source" 
"eval" "eval" "withVisible" "source" 
"eval" "eval" "withVisible" "source" 
"eval" "eval" "withVisible" "source" 
"eval" "eval" "withVisible" "source" 
"eval" "eval" "withVisible" "source" 
"eval" "eval" "withVisible" "source" 
"eval" "eval" "withVisible" "source" 
"eval" "eval" "withVisible" "source" 
"eval" "eval" "withVisible" "source" 
"eval" "eval" "withVisible" "source" 
"eval" "eval" "withVisible" "source" 
"eval" "eval" "withVisible" "source" 
"eval" "eval" "withVisible" "source" 
"eval" "eval" "withVisible" "source" 
"eval" "eval" "withVisible" "source" 
"eval" "eval" "withVisible" "source" 
"eval" "eval" "withVisible" "source" 
"eval" "eval" "withVisible" "source" 
"eval" "eval" "withVisible" "source" 
"eval" "eval" "withVisible" "source" 
"Sys.info" "eval" "eval" "withVisible" "source" 
"eval" "eval" "withVisible" "source" 
"eval" "eval" "withVisible" "source" 
"Sys.info" "eval" "eval" "withVisible" "source" 
"eval" "eval" "withVisible" "source" 
"eval" "eval" "withVisible" "source" 
"eval" "eval" "withVisible" "source" 
"eval" "eval" "withVisible" "source" 
"eval" "eval" "withVisible" "source" 
"eval" "eval" "withVisible" "source" 
"Sys.info" "eval" "eval" "withVisible" "source" 
"eval" "eval" "withVisible" "source" 
"Sys.info" "eval" "eval" "withVisible" "source" 
"eval" "eval" "withVisible" "source" 
"eval" "eval" "withVisible" "source" 
"eval" "eval" "withVisible" "source" 
"eval" "eval" "withVisible" "source" 
"eval" "eval" "withVisible" "source" 
"eval" "eval" "withVisible" "source" 
"eval" "eval" "withVisible" "source" 
"eval" "eval" "withVisible" "source" 
"eval" "eval" "withVisible" "source" 
"eval" "eval" "withVisible" "source" 
"Sys.info" "eval" "eval" "withVisible" "source" 
"cbind" "eval" "eval" "withVisible" "source" 
"eval" "eval" "withVisible" "source" 
"eval" "eval" "withVisible" "source" 
"eval" "eval" "withVisible" "source" 
"eval" "eval" "withVisible" "source" 
"eval" "eval" "withVisible" "source" 
"eval" "eval" "withVisible" "source" 
"Sys.info" "eval" "eval" "withVisible" "source" 
".f" "purrr::map_dbl" "likelihood" "eval" "eval" "withVisible" "source" 
"Sys.info" "eval" "eval" "withVisible" "source" 
"eval" "eval" "withVisible" "source" 
"eval" "eval" "withVisible" "source" 
"Sys.info" "eval" "eval" "withVisible" "source" 
"eval" "eval" "withVisible" "source" 
"eval" "eval" "withVisible" "source" 
"eval" "eval" "withVisible" "source" 
"eval" "eval" "withVisible" "source" 
"eval" "eval" "withVisible" "source" 
"eval" "eval" "withVisible" "source" 
"dnorm" "dtnorm" "likelihood" "eval" "eval" "withVisible" "source" 
"eval" "eval" "withVisible" "source" 
"Sys.info" "eval" "eval" "withVisible" "source" 
"eval" "eval" "withVisible" "source" 
"eval" "eval" "withVisible" "source" 
"eval" "eval" "withVisible" "source" 
"eval" "eval" "withVisible" "source" 
"eval" "eval" "withVisible" "source" 
"eval" "eval" "withVisible" "source" 
"Sys.info" "eval" "eval" "withVisible" "source" 
"eval" "eval" "withVisible" "source" 
"eval" "eval" "withVisible" "source" 
"eval" "eval" "withVisible" "source" 
"eval" "eval" "withVisible" "source" 
"eval" "eval" "withVisible" "source" 
"eval" "eval" "withVisible" "source" 
"eval" "eval" "withVisible" "source" 
"eval" "eval" "withVisible" "source" 
"dnorm" "dtnorm" "likelihood" "eval" "eval" "withVisible" "source" 
"dnorm" "dtnorm" "cbind" "unname" "propdens_mh" "eval" "eval" "withVisible" "source" 
"eval" "eval" "withVisible" "source" 
"eval" "eval" "withVisible" "source" 
"eval" "eval" "withVisible" "source" 
"eval" "eval" "withVisible" "source" 
"eval" "eval" "withVisible" "source" 
"eval" "eval" "withVisible" "source" 
"eval" "eval" "withVisible" "source" 
"pnorm" "dtnorm" "likelihood" "eval" "eval" "withVisible" "source" 
"Sys.info" "eval" "eval" "withVisible" "source" 
"eval" "eval" "withVisible" "source" 
"eval" "eval" "withVisible" "source" 
"eval" "eval" "withVisible" "source" 
"eval" "eval" "withVisible" "source" 
"eval" "eval" "withVisible" "source" 
"eval" "eval" "withVisible" "source" 
"eval" "eval" "withVisible" "source" 
"eval" "eval" "withVisible" "source" 
"proposal_mh" "eval" "eval" "withVisible" "source" 
"eval" "eval" "withVisible" "source" 
"eval" "eval" "withVisible" "source" 
"eval" "eval" "withVisible" "source" 
"eval" "eval" "withVisible" "source" 
"eval" "eval" "withVisible" "source" 
"eval" "eval" "withVisible" "source" 
"pnorm" "eval" "eval" "withVisible" "source" 
"eval" "eval" "withVisible" "source" 
"eval" "eval" "withVisible" "source" 
"eval" "eval" "withVisible" "source" 
"eval" "eval" "withVisible" "source" 
"eval" "eval" "withVisible" "source" 
"eval" "eval" "withVisible" "source" 
"eval" "eval" "withVisible" "source" 
"eval" "eval" "withVisible" "source" 
"eval" "eval" "withVisible" "source" 
"Sys.info" "eval" "eval" "withVisible" "source" 
"proposal_mh" "eval" "eval" "withVisible" "source" 
"eval" "eval" "withVisible" "source" 
"eval" "eval" "withVisible" "source" 
"eval" "eval" "withVisible" "source" 
"eval" "eval" "withVisible" "source" 
"eval" "eval" "withVisible" "source" 
"eval" "eval" "withVisible" "source" 
"eval" "eval" "withVisible" "source" 
"Sys.info" "eval" "eval" "withVisible" "source" 
"dtnorm" "cbind" "unname" "propdens_mh" "eval" "eval" "withVisible" "source" 
"eval" "eval" "withVisible" "source" 
"eval" "eval" "withVisible" "source" 
"eval" "eval" "withVisible" "source" 
"eval" "eval" "withVisible" "source" 
"eval" "eval" "withVisible" "source" 
"eval" "eval" "withVisible" "source" 
"eval" "eval" "withVisible" "source" 
"Sys.info" "eval" "eval" "withVisible" "source" 
"eval" "eval" "withVisible" "source" 
"eval" "eval" "withVisible" "source" 
"eval" "eval" "withVisible" "source" 
"eval" "eval" "withVisible" "source" 
"eval" "eval" "withVisible" "source" 
"eval" "eval" "withVisible" "source" 
"eval" "eval" "withVisible" "source" 
"eval" "eval" "withVisible" "source" 
"eval" "eval" "withVisible" "source" 
"eval" "eval" "withVisible" "source" 
"eval" "eval" "withVisible" "source" 
"eval" "eval" "withVisible" "source" 
"eval" "eval" "withVisible" "source" 
"eval" "eval" "withVisible" "source" 
"eval" "eval" "withVisible" "source" 
"Sys.info" "eval" "eval" "withVisible" "source" 
"eval" "eval" "withVisible" "source" 
"eval" "eval" "withVisible" "source" 
"eval" "eval" "withVisible" "source" 
"eval" "eval" "withVisible" "source" 
"eval" "eval" "withVisible" "source" 
"eval" "eval" "withVisible" "source" 
"eval" "eval" "withVisible" "source" 
"Sys.info" "eval" "eval" "withVisible" "source" 
"Sys.info" "eval" "eval" "withVisible" "source" 
"eval" "eval" "withVisible" "source" 
"eval" "eval" "withVisible" "source" 
"eval" "eval" "withVisible" "source" 
"eval" "eval" "withVisible" "source" 
"eval" "eval" "withVisible" "source" 
"eval" "eval" "withVisible" "source" 
"eval" "eval" "withVisible" "source" 
"eval" "eval" "withVisible" "source" 
".f" "purrr::map_dbl" "likelihood" "eval" "eval" "withVisible" "source" 
"eval" "eval" "withVisible" "source" 
"eval" "eval" "withVisible" "source" 
"eval" "eval" "withVisible" "source" 
"eval" "eval" "withVisible" "source" 
"eval" "eval" "withVisible" "source" 
"eval" "eval" "withVisible" "source" 
"Sys.info" "eval" "eval" "withVisible" "source" 
"Sys.info" "eval" "eval" "withVisible" "source" 
"Sys.info" "eval" "eval" "withVisible" "source" 
"Sys.info" "eval" "eval" "withVisible" "source" 
"eval" "eval" "withVisible" "source" 
"eval" "eval" "withVisible" "source" 
"eval" "eval" "withVisible" "source" 
"eval" "eval" "withVisible" "source" 
"eval" "eval" "withVisible" "source" 
"eval" "eval" "withVisible" "source" 
"eval" "eval" "withVisible" "source" 
"pnorm" "dtnorm" "likelihood" "eval" "eval" "withVisible" "source" 
"eval" "eval" "withVisible" "source" 
"eval" "eval" "withVisible" "source" 
"eval" "eval" "withVisible" "source" 
"Sys.info" "eval" "eval" "withVisible" "source" 
"eval" "eval" "withVisible" "source" 
"eval" "eval" "withVisible" "source" 
"eval" "eval" "withVisible" "source" 
"eval" "eval" "withVisible" "source" 
"eval" "eval" "withVisible" "source" 
"eval" "eval" "withVisible" "source" 
"eval" "eval" "withVisible" "source" 
"Sys.info" "eval" "eval" "withVisible" "source" 
"==" ".f" "purrr::map_dbl" "likelihood" "eval" "eval" "withVisible" "source" 
"eval" "eval" "withVisible" "source" 
"eval" "eval" "withVisible" "source" 
"eval" "eval" "withVisible" "source" 
"eval" "eval" "withVisible" "source" 
"eval" "eval" "withVisible" "source" 
"eval" "eval" "withVisible" "source" 
"eval" "eval" "withVisible" "source" 
"eval" "eval" "withVisible" "source" 
"Sys.info" "eval" "eval" "withVisible" "source" 
"eval" "eval" "withVisible" "source" 
"eval" "eval" "withVisible" "source" 
"eval" "eval" "withVisible" "source" 
"eval" "eval" "withVisible" "source" 
"eval" "eval" "withVisible" "source" 
"eval" "eval" "withVisible" "source" 
"eval" "eval" "withVisible" "source" 
"eval" "eval" "withVisible" "source" 
"eval" "eval" "withVisible" "source" 
"eval" "eval" "withVisible" "source" 
"eval" "eval" "withVisible" "source" 
"eval" "eval" "withVisible" "source" 
"eval" "eval" "withVisible" "source" 
"eval" "eval" "withVisible" "source" 
"eval" "eval" "withVisible" "source" 
"eval" "eval" "withVisible" "source" 
"eval" "eval" "withVisible" "source" 
"%in%" "likelihood" "eval" "eval" "withVisible" "source" 
"%in%" "[.data.frame" "[" "propdens_mh" "eval" "eval" "withVisible" "source" 
"eval" "eval" "withVisible" "source" 
"eval" "eval" "withVisible" "source" 
"eval" "eval" "withVisible" "source" 
"eval" "eval" "withVisible" "source" 
"eval" "eval" "withVisible" "source" 
"eval" "eval" "withVisible" "source" 
"eval" "eval" "withVisible" "source" 
"Sys.info" "eval" "eval" "withVisible" "source" 
"Sys.info" "eval" "eval" "withVisible" "source" 
"eval" "eval" "withVisible" "source" 
"eval" "eval" "withVisible" "source" 
"eval" "eval" "withVisible" "source" 
"eval" "eval" "withVisible" "source" 
"eval" "eval" "withVisible" "source" 
"eval" "eval" "withVisible" "source" 
"eval" "eval" "withVisible" "source" 
"eval" "eval" "withVisible" "source" 
"eval" "eval" "withVisible" "source" 
"eval" "eval" "withVisible" "source" 
"==" ".f" "purrr::map_dbl" "likelihood" "eval" "eval" "withVisible" "source" 
"eval" "eval" "withVisible" "source" 
"eval" "eval" "withVisible" "source" 
"eval" "eval" "withVisible" "source" 
"eval" "eval" "withVisible" "source" 
"eval" "eval" "withVisible" "source" 
"eval" "eval" "withVisible" "source" 
"eval" "eval" "withVisible" "source" 
"proposal_mh" "eval" "eval" "withVisible" "source" 
"eval" "eval" "withVisible" "source" 
"eval" "eval" "withVisible" "source" 
"eval" "eval" "withVisible" "source" 
"eval" "eval" "withVisible" "source" 
"eval" "eval" "withVisible" "source" 
"eval" "eval" "withVisible" "source" 
"eval" "eval" "withVisible" "source" 
"Sys.info" "eval" "eval" "withVisible" "source" 
"pnorm" "dtnorm" "likelihood" "eval" "eval" "withVisible" "source" 
"eval" "eval" "withVisible" "source" 
"eval" "eval" "withVisible" "source" 
"eval" "eval" "withVisible" "source" 
"eval" "eval" "withVisible" "source" 
"eval" "eval" "withVisible" "source" 
"eval" "eval" "withVisible" "source" 
"eval" "eval" "withVisible" "source" 
"eval" "eval" "withVisible" "source" 
"eval" "eval" "withVisible" "source" 
"eval" "eval" "withVisible" "source" 
"eval" "eval" "withVisible" "source" 
"eval" "eval" "withVisible" "source" 
"eval" "eval" "withVisible" "source" 
"eval" "eval" "withVisible" "source" 
"eval" "eval" "withVisible" "source" 
"eval" "eval" "withVisible" "source" 
"eval" "eval" "withVisible" "source" 
"pnorm" "dtnorm" "likelihood" "eval" "eval" "withVisible" "source" 
"eval" "eval" "withVisible" "source" 
"eval" "eval" "withVisible" "source" 
"eval" "eval" "withVisible" "source" 
"eval" "eval" "withVisible" "source" 
"eval" "eval" "withVisible" "source" 
"eval" "eval" "withVisible" "source" 
"eval" "eval" "withVisible" "source" 
"eval" "eval" "withVisible" "source" 
"eval" "eval" "withVisible" "source" 
"eval" "eval" "withVisible" "source" 
"eval" "eval" "withVisible" "source" 
"eval" "eval" "withVisible" "source" 
"eval" "eval" "withVisible" "source" 
"eval" "eval" "withVisible" "source" 
"eval" "eval" "withVisible" "source" 
"eval" "eval" "withVisible" "source" 
"eval" "eval" "withVisible" "source" 
"eval" "eval" "withVisible" "source" 
"eval" "eval" "withVisible" "source" 
"eval" "eval" "withVisible" "source" 
"eval" "eval" "withVisible" "source" 
"eval" "eval" "withVisible" "source" 
"eval" "eval" "withVisible" "source" 
"eval" "eval" "withVisible" "source" 
"eval" "eval" "withVisible" "source" 
"eval" "eval" "withVisible" "source" 
"eval" "eval" "withVisible" "source" 
"Sys.info" "eval" "eval" "withVisible" "source" 
"==" ".f" "purrr::map_dbl" "likelihood" "eval" "eval" "withVisible" "source" 
"eval" "eval" "withVisible" "source" 
"eval" "eval" "withVisible" "source" 
"pnorm" "eval" "eval" "withVisible" "source" 
"eval" "eval" "withVisible" "source" 
"eval" "eval" "withVisible" "source" 
"eval" "eval" "withVisible" "source" 
"eval" "eval" "withVisible" "source" 
"eval" "eval" "withVisible" "source" 
"eval" "eval" "withVisible" "source" 
"eval" "eval" "withVisible" "source" 
"pb_render" "private$render" "pb_tick" "pb$tick" "eval" "eval" "withVisible" "source" 
"eval" "eval" "withVisible" "source" 
"Sys.info" "eval" "eval" "withVisible" "source" 
"eval" "eval" "withVisible" "source" 
"eval" "eval" "withVisible" "source" 
"eval" "eval" "withVisible" "source" 
"eval" "eval" "withVisible" "source" 
"eval" "eval" "withVisible" "source" 
"eval" "eval" "withVisible" "source" 
"eval" "eval" "withVisible" "source" 
"eval" "eval" "withVisible" "source" 
"dtnorm" "likelihood" "eval" "eval" "withVisible" "source" 
"pnorm" "dtnorm" "likelihood" "eval" "eval" "withVisible" "source" 
"append" "proposal_mh" "eval" "eval" "withVisible" "source" 
"proposal_mh" "eval" "eval" "withVisible" "source" 
"eval" "eval" "withVisible" "source" 
"eval" "eval" "withVisible" "source" 
"eval" "eval" "withVisible" "source" 
"eval" "eval" "withVisible" "source" 
"eval" "eval" "withVisible" "source" 
"eval" "eval" "withVisible" "source" 
"eval" "eval" "withVisible" "source" 
"eval" "eval" "withVisible" "source" 
"likelihood" "eval" "eval" "withVisible" "source" 
"eval" "eval" "withVisible" "source" 
"eval" "eval" "withVisible" "source" 
"dnorm" "dtnorm" "likelihood" "eval" "eval" "withVisible" "source" 
"eval" "eval" "withVisible" "source" 
"eval" "eval" "withVisible" "source" 
"eval" "eval" "withVisible" "source" 
"eval" "eval" "withVisible" "source" 
"eval" "eval" "withVisible" "source" 
"eval" "eval" "withVisible" "source" 
"eval" "eval" "withVisible" "source" 
"eval" "eval" "withVisible" "source" 
"eval" "eval" "withVisible" "source" 
"eval" "eval" "withVisible" "source" 
"eval" "eval" "withVisible" "source" 
"eval" "eval" "withVisible" "source" 
"eval" "eval" "withVisible" "source" 
"eval" "eval" "withVisible" "source" 
"eval" "eval" "withVisible" "source" 
"eval" "eval" "withVisible" "source" 
"rtnorm" "cbind" "unname" "proposal_mh" "eval" "eval" "withVisible" "source" 
"eval" "eval" "withVisible" "source" 
"eval" "eval" "withVisible" "source" 
"eval" "eval" "withVisible" "source" 
"eval" "eval" "withVisible" "source" 
"eval" "eval" "withVisible" "source" 
"eval" "eval" "withVisible" "source" 
"eval" "eval" "withVisible" "source" 
"eval" "eval" "withVisible" "source" 
"eval" "eval" "withVisible" "source" 
"Sys.info" "eval" "eval" "withVisible" "source" 
"eval" "eval" "withVisible" "source" 
"pnorm" "dtnorm" "cbind" "unname" "propdens_mh" "eval" "eval" "withVisible" "source" 
"eval" "eval" "withVisible" "source" 
"eval" "eval" "withVisible" "source" 
"eval" "eval" "withVisible" "source" 
"eval" "eval" "withVisible" "source" 
"eval" "eval" "withVisible" "source" 
"eval" "eval" "withVisible" "source" 
"eval" "eval" "withVisible" "source" 
"eval" "eval" "withVisible" "source" 
"eval" "eval" "withVisible" "source" 
"eval" "eval" "withVisible" "source" 
"eval" "eval" "withVisible" "source" 
"eval" "eval" "withVisible" "source" 
"eval" "eval" "withVisible" "source" 
"eval" "eval" "withVisible" "source" 
"eval" "eval" "withVisible" "source" 
"eval" "eval" "withVisible" "source" 
"dbinom" "d_binom" "eval" "eval" "withVisible" "source" 
".f" "purrr::map_dbl" "likelihood" "eval" "eval" "withVisible" "source" 
"%in%" "pnorm" "dtnorm" "likelihood" "eval" "eval" "withVisible" "source" 
"dbinom" "d_binom" "likelihood" "eval" "eval" "withVisible" "source" 
"eval" "eval" "withVisible" "source" 
"eval" "eval" "withVisible" "source" 
"eval" "eval" "withVisible" "source" 
"eval" "eval" "withVisible" "source" 
"eval" "eval" "withVisible" "source" 
"eval" "eval" "withVisible" "source" 
"eval" "eval" "withVisible" "source" 
"eval" "eval" "withVisible" "source" 
"eval" "eval" "withVisible" "source" 
"eval" "eval" "withVisible" "source" 
"eval" "eval" "withVisible" "source" 
"eval" "eval" "withVisible" "source" 
"eval" "eval" "withVisible" "source" 
"eval" "eval" "withVisible" "source" 
"eval" "eval" "withVisible" "source" 
"eval" "eval" "withVisible" "source" 
"pnorm" "dtnorm" "cbind" "unname" "propdens_mh" "eval" "eval" "withVisible" "source" 
".f" "purrr::map_dbl" "likelihood" "eval" "eval" "withVisible" "source" 
"%in%" "[.data.frame" "[" "proposal_mh" "eval" "eval" "withVisible" "source" 
"eval" "eval" "withVisible" "source" 
"proposal_mh" "eval" "eval" "withVisible" "source" 
".f" "purrr::map_dbl" "likelihood" "eval" "eval" "withVisible" "source" 
"eval" "eval" "withVisible" "source" 
"eval" "eval" "withVisible" "source" 
"eval" "eval" "withVisible" "source" 
"eval" "eval" "withVisible" "source" 
"eval" "eval" "withVisible" "source" 
"eval" "eval" "withVisible" "source" 
"eval" "eval" "withVisible" "source" 
"eval" "eval" "withVisible" "source" 
"eval" "eval" "withVisible" "source" 
"eval" "eval" "withVisible" "source" 
"eval" "eval" "withVisible" "source" 
"eval" "eval" "withVisible" "source" 
"eval" "eval" "withVisible" "source" 
"eval" "eval" "withVisible" "source" 
"eval" "eval" "withVisible" "source" 
"eval" "eval" "withVisible" "source" 
"eval" "eval" "withVisible" "source" 
"eval" "eval" "withVisible" "source" 
"eval" "eval" "withVisible" "source" 
"eval" "eval" "withVisible" "source" 
"eval" "eval" "withVisible" "source" 
"eval" "eval" "withVisible" "source" 
"eval" "eval" "withVisible" "source" 
"eval" "eval" "withVisible" "source" 
"Sys.info" "eval" "eval" "withVisible" "source" 
"eval" "eval" "withVisible" "source" 
"eval" "eval" "withVisible" "source" 
"eval" "eval" "withVisible" "source" 
"eval" "eval" "withVisible" "source" 
"eval" "eval" "withVisible" "source" 
"eval" "eval" "withVisible" "source" 
"eval" "eval" "withVisible" "source" 
"eval" "eval" "withVisible" "source" 
"eval" "eval" "withVisible" "source" 
"Sys.info" "eval" "eval" "withVisible" "source" 
"eval" "eval" "withVisible" "source" 
"eval" "eval" "withVisible" "source" 
"eval" "eval" "withVisible" "source" 
"eval" "eval" "withVisible" "source" 
"eval" "eval" "withVisible" "source" 
"eval" "eval" "withVisible" "source" 
"eval" "eval" "withVisible" "source" 
"eval" "eval" "withVisible" "source" 
"eval" "eval" "withVisible" "source" 
"Sys.info" "eval" "eval" "withVisible" "source" 
"eval" "eval" "withVisible" "source" 
"eval" "eval" "withVisible" "source" 
"eval" "eval" "withVisible" "source" 
".f" "purrr::map_dbl" "likelihood" "eval" "eval" "withVisible" "source" 
"proposal_mh" "eval" "eval" "withVisible" "source" 
"eval" "eval" "withVisible" "source" 
"eval" "eval" "withVisible" "source" 
"eval" "eval" "withVisible" "source" 
"eval" "eval" "withVisible" "source" 
"eval" "eval" "withVisible" "source" 
"eval" "eval" "withVisible" "source" 
"eval" "eval" "withVisible" "source" 
"eval" "eval" "withVisible" "source" 
"pnorm" "dtnorm" "likelihood" "eval" "eval" "withVisible" "source" 
"eval" "eval" "withVisible" "source" 
"eval" "eval" "withVisible" "source" 
".f" "purrr::map_dbl" "likelihood" "eval" "eval" "withVisible" "source" 
"eval" "eval" "withVisible" "source" 
"eval" "eval" "withVisible" "source" 
"eval" "eval" "withVisible" "source" 
"eval" "eval" "withVisible" "source" 
"eval" "eval" "withVisible" "source" 
"eval" "eval" "withVisible" "source" 
"eval" "eval" "withVisible" "source" 
"eval" "eval" "withVisible" "source" 
